This is pdfTeX, Version 3.1415926-1.40.10 (TeX Live 2009/Debian) (format=pdflatex 2010.10.16)  17 DEC 2010 12:00
entering extended mode
 restricted \write18 enabled.
 %&-line parsing enabled.
**SETLyze.tex
(./SETLyze.tex
LaTeX2e <2009/09/24>
Babel <v3.8l> and hyphenation patterns for english, usenglishmax, dumylang, noh
yphenation, loaded.
(./sphinxmanual.cls
Document Class: sphinxmanual 2009/06/02 Document class (Sphinx manual)
(/usr/share/texmf-texlive/tex/latex/base/report.cls
Document Class: report 2007/10/19 v1.4h Standard LaTeX document class
(/usr/share/texmf-texlive/tex/latex/base/size10.clo
File: size10.clo 2007/10/19 v1.4h Standard LaTeX file (size option)
)
\c@part=\count79
\c@chapter=\count80
\c@section=\count81
\c@subsection=\count82
\c@subsubsection=\count83
\c@paragraph=\count84
\c@subparagraph=\count85
\c@figure=\count86
\c@table=\count87
\abovecaptionskip=\skip41
\belowcaptionskip=\skip42
\bibindent=\dimen102
))
(/usr/share/texmf-texlive/tex/latex/base/inputenc.sty
Package: inputenc 2008/03/30 v1.1d Input encoding file
\inpenc@prehook=\toks14
\inpenc@posthook=\toks15

(/usr/share/texmf-texlive/tex/latex/base/utf8.def
File: utf8.def 2008/04/05 v1.1m UTF-8 support for inputenc
Now handling font encoding OML ...
... no UTF-8 mapping file for font encoding OML
Now handling font encoding T1 ...
... processing UTF-8 mapping file for font encoding T1

(/usr/share/texmf-texlive/tex/latex/base/t1enc.dfu
File: t1enc.dfu 2008/04/05 v1.1m UTF-8 support for inputenc
   defining Unicode char U+00A1 (decimal 161)
   defining Unicode char U+00A3 (decimal 163)
   defining Unicode char U+00AB (decimal 171)
   defining Unicode char U+00BB (decimal 187)
   defining Unicode char U+00BF (decimal 191)
   defining Unicode char U+00C0 (decimal 192)
   defining Unicode char U+00C1 (decimal 193)
   defining Unicode char U+00C2 (decimal 194)
   defining Unicode char U+00C3 (decimal 195)
   defining Unicode char U+00C4 (decimal 196)
   defining Unicode char U+00C5 (decimal 197)
   defining Unicode char U+00C6 (decimal 198)
   defining Unicode char U+00C7 (decimal 199)
   defining Unicode char U+00C8 (decimal 200)
   defining Unicode char U+00C9 (decimal 201)
   defining Unicode char U+00CA (decimal 202)
   defining Unicode char U+00CB (decimal 203)
   defining Unicode char U+00CC (decimal 204)
   defining Unicode char U+00CD (decimal 205)
   defining Unicode char U+00CE (decimal 206)
   defining Unicode char U+00CF (decimal 207)
   defining Unicode char U+00D0 (decimal 208)
   defining Unicode char U+00D1 (decimal 209)
   defining Unicode char U+00D2 (decimal 210)
   defining Unicode char U+00D3 (decimal 211)
   defining Unicode char U+00D4 (decimal 212)
   defining Unicode char U+00D5 (decimal 213)
   defining Unicode char U+00D6 (decimal 214)
   defining Unicode char U+00D8 (decimal 216)
   defining Unicode char U+00D9 (decimal 217)
   defining Unicode char U+00DA (decimal 218)
   defining Unicode char U+00DB (decimal 219)
   defining Unicode char U+00DC (decimal 220)
   defining Unicode char U+00DD (decimal 221)
   defining Unicode char U+00DE (decimal 222)
   defining Unicode char U+00DF (decimal 223)
   defining Unicode char U+00E0 (decimal 224)
   defining Unicode char U+00E1 (decimal 225)
   defining Unicode char U+00E2 (decimal 226)
   defining Unicode char U+00E3 (decimal 227)
   defining Unicode char U+00E4 (decimal 228)
   defining Unicode char U+00E5 (decimal 229)
   defining Unicode char U+00E6 (decimal 230)
   defining Unicode char U+00E7 (decimal 231)
   defining Unicode char U+00E8 (decimal 232)
   defining Unicode char U+00E9 (decimal 233)
   defining Unicode char U+00EA (decimal 234)
   defining Unicode char U+00EB (decimal 235)
   defining Unicode char U+00EC (decimal 236)
   defining Unicode char U+00ED (decimal 237)
   defining Unicode char U+00EE (decimal 238)
   defining Unicode char U+00EF (decimal 239)
   defining Unicode char U+00F0 (decimal 240)
   defining Unicode char U+00F1 (decimal 241)
   defining Unicode char U+00F2 (decimal 242)
   defining Unicode char U+00F3 (decimal 243)
   defining Unicode char U+00F4 (decimal 244)
   defining Unicode char U+00F5 (decimal 245)
   defining Unicode char U+00F6 (decimal 246)
   defining Unicode char U+00F8 (decimal 248)
   defining Unicode char U+00F9 (decimal 249)
   defining Unicode char U+00FA (decimal 250)
   defining Unicode char U+00FB (decimal 251)
   defining Unicode char U+00FC (decimal 252)
   defining Unicode char U+00FD (decimal 253)
   defining Unicode char U+00FE (decimal 254)
   defining Unicode char U+00FF (decimal 255)
   defining Unicode char U+0102 (decimal 258)
   defining Unicode char U+0103 (decimal 259)
   defining Unicode char U+0104 (decimal 260)
   defining Unicode char U+0105 (decimal 261)
   defining Unicode char U+0106 (decimal 262)
   defining Unicode char U+0107 (decimal 263)
   defining Unicode char U+010C (decimal 268)
   defining Unicode char U+010D (decimal 269)
   defining Unicode char U+010E (decimal 270)
   defining Unicode char U+010F (decimal 271)
   defining Unicode char U+0110 (decimal 272)
   defining Unicode char U+0111 (decimal 273)
   defining Unicode char U+0118 (decimal 280)
   defining Unicode char U+0119 (decimal 281)
   defining Unicode char U+011A (decimal 282)
   defining Unicode char U+011B (decimal 283)
   defining Unicode char U+011E (decimal 286)
   defining Unicode char U+011F (decimal 287)
   defining Unicode char U+0130 (decimal 304)
   defining Unicode char U+0131 (decimal 305)
   defining Unicode char U+0132 (decimal 306)
   defining Unicode char U+0133 (decimal 307)
   defining Unicode char U+0139 (decimal 313)
   defining Unicode char U+013A (decimal 314)
   defining Unicode char U+013D (decimal 317)
   defining Unicode char U+013E (decimal 318)
   defining Unicode char U+0141 (decimal 321)
   defining Unicode char U+0142 (decimal 322)
   defining Unicode char U+0143 (decimal 323)
   defining Unicode char U+0144 (decimal 324)
   defining Unicode char U+0147 (decimal 327)
   defining Unicode char U+0148 (decimal 328)
   defining Unicode char U+014A (decimal 330)
   defining Unicode char U+014B (decimal 331)
   defining Unicode char U+0150 (decimal 336)
   defining Unicode char U+0151 (decimal 337)
   defining Unicode char U+0152 (decimal 338)
   defining Unicode char U+0153 (decimal 339)
   defining Unicode char U+0154 (decimal 340)
   defining Unicode char U+0155 (decimal 341)
   defining Unicode char U+0158 (decimal 344)
   defining Unicode char U+0159 (decimal 345)
   defining Unicode char U+015A (decimal 346)
   defining Unicode char U+015B (decimal 347)
   defining Unicode char U+015E (decimal 350)
   defining Unicode char U+015F (decimal 351)
   defining Unicode char U+0160 (decimal 352)
   defining Unicode char U+0161 (decimal 353)
   defining Unicode char U+0162 (decimal 354)
   defining Unicode char U+0163 (decimal 355)
   defining Unicode char U+0164 (decimal 356)
   defining Unicode char U+0165 (decimal 357)
   defining Unicode char U+016E (decimal 366)
   defining Unicode char U+016F (decimal 367)
   defining Unicode char U+0170 (decimal 368)
   defining Unicode char U+0171 (decimal 369)
   defining Unicode char U+0178 (decimal 376)
   defining Unicode char U+0179 (decimal 377)
   defining Unicode char U+017A (decimal 378)
   defining Unicode char U+017B (decimal 379)
   defining Unicode char U+017C (decimal 380)
   defining Unicode char U+017D (decimal 381)
   defining Unicode char U+017E (decimal 382)
   defining Unicode char U+200C (decimal 8204)
   defining Unicode char U+2013 (decimal 8211)
   defining Unicode char U+2014 (decimal 8212)
   defining Unicode char U+2018 (decimal 8216)
   defining Unicode char U+2019 (decimal 8217)
   defining Unicode char U+201A (decimal 8218)
   defining Unicode char U+201C (decimal 8220)
   defining Unicode char U+201D (decimal 8221)
   defining Unicode char U+201E (decimal 8222)
   defining Unicode char U+2030 (decimal 8240)
   defining Unicode char U+2031 (decimal 8241)
   defining Unicode char U+2039 (decimal 8249)
   defining Unicode char U+203A (decimal 8250)
   defining Unicode char U+2423 (decimal 9251)
)
Now handling font encoding OT1 ...
... processing UTF-8 mapping file for font encoding OT1

(/usr/share/texmf-texlive/tex/latex/base/ot1enc.dfu
File: ot1enc.dfu 2008/04/05 v1.1m UTF-8 support for inputenc
   defining Unicode char U+00A1 (decimal 161)
   defining Unicode char U+00A3 (decimal 163)
   defining Unicode char U+00B8 (decimal 184)
   defining Unicode char U+00BF (decimal 191)
   defining Unicode char U+00C5 (decimal 197)
   defining Unicode char U+00C6 (decimal 198)
   defining Unicode char U+00D8 (decimal 216)
   defining Unicode char U+00DF (decimal 223)
   defining Unicode char U+00E6 (decimal 230)
   defining Unicode char U+00EC (decimal 236)
   defining Unicode char U+00ED (decimal 237)
   defining Unicode char U+00EE (decimal 238)
   defining Unicode char U+00EF (decimal 239)
   defining Unicode char U+00F8 (decimal 248)
   defining Unicode char U+0131 (decimal 305)
   defining Unicode char U+0141 (decimal 321)
   defining Unicode char U+0142 (decimal 322)
   defining Unicode char U+0152 (decimal 338)
   defining Unicode char U+0153 (decimal 339)
   defining Unicode char U+2013 (decimal 8211)
   defining Unicode char U+2014 (decimal 8212)
   defining Unicode char U+2018 (decimal 8216)
   defining Unicode char U+2019 (decimal 8217)
   defining Unicode char U+201C (decimal 8220)
   defining Unicode char U+201D (decimal 8221)
)
Now handling font encoding OMS ...
... processing UTF-8 mapping file for font encoding OMS

(/usr/share/texmf-texlive/tex/latex/base/omsenc.dfu
File: omsenc.dfu 2008/04/05 v1.1m UTF-8 support for inputenc
   defining Unicode char U+00A7 (decimal 167)
   defining Unicode char U+00B6 (decimal 182)
   defining Unicode char U+00B7 (decimal 183)
   defining Unicode char U+2020 (decimal 8224)
   defining Unicode char U+2021 (decimal 8225)
   defining Unicode char U+2022 (decimal 8226)
)
Now handling font encoding OMX ...
... no UTF-8 mapping file for font encoding OMX
Now handling font encoding U ...
... no UTF-8 mapping file for font encoding U
   defining Unicode char U+00A9 (decimal 169)
   defining Unicode char U+00AA (decimal 170)
   defining Unicode char U+00AE (decimal 174)
   defining Unicode char U+00BA (decimal 186)
   defining Unicode char U+02C6 (decimal 710)
   defining Unicode char U+02DC (decimal 732)
   defining Unicode char U+200C (decimal 8204)
   defining Unicode char U+2026 (decimal 8230)
   defining Unicode char U+2122 (decimal 8482)
   defining Unicode char U+2423 (decimal 9251)
))
   defining Unicode char U+00A0 (decimal 160)

(/usr/share/texmf-texlive/tex/latex/base/fontenc.sty
Package: fontenc 2005/09/27 v1.99g Standard LaTeX package

(/usr/share/texmf-texlive/tex/latex/base/t1enc.def
File: t1enc.def 2005/09/27 v1.99g Standard LaTeX file
LaTeX Font Info:    Redeclaring font encoding T1 on input line 43.
))
(/usr/share/texmf-texlive/tex/generic/babel/babel.sty
Package: babel 2008/07/06 v3.8l The Babel package

(/usr/share/texmf-texlive/tex/generic/babel/english.ldf
Language: english 2005/03/30 v3.3o English support from the babel system

(/usr/share/texmf-texlive/tex/generic/babel/babel.def
File: babel.def 2008/07/06 v3.8l Babel common definitions
\babel@savecnt=\count88
\U@D=\dimen103
)
\l@british = a dialect from \language\l@english 
\l@UKenglish = a dialect from \language\l@english 
\l@canadian = a dialect from \language\l@american 
\l@australian = a dialect from \language\l@british 
\l@newzealand = a dialect from \language\l@british 
))
(/usr/share/texmf-texlive/tex/latex/psnfss/times.sty
Package: times 2005/04/12 PSNFSS-v9.2a (SPQR) 
) (./fncychap.sty
Package: fncychap 2007/07/30 v1.34 LaTeX package (Revised chapters)
\RW=\skip43
\mylen=\skip44
\myhi=\skip45
\px=\skip46
\py=\skip47
\pyy=\skip48
\pxx=\skip49
\c@AlphaCnt=\count89
\c@AlphaDecCnt=\count90
)
(/usr/share/texmf-texlive/tex/latex/tools/longtable.sty
Package: longtable 2004/02/01 v4.11 Multi-page Table package (DPC)
\LTleft=\skip50
\LTright=\skip51
\LTpre=\skip52
\LTpost=\skip53
\LTchunksize=\count91
\LTcapwidth=\dimen104
\LT@head=\box26
\LT@firsthead=\box27
\LT@foot=\box28
\LT@lastfoot=\box29
\LT@cols=\count92
\LT@rows=\count93
\c@LT@tables=\count94
\c@LT@chunks=\count95
\LT@p@ftn=\toks16
) (./sphinx.sty
Package: sphinx 2010/01/15 LaTeX package (Sphinx markup)

(/usr/share/texmf-texlive/tex/latex/base/textcomp.sty
Package: textcomp 2005/09/27 v1.99g Standard LaTeX package
Package textcomp Info: Sub-encoding information:
(textcomp)               5 = only ISO-Adobe without \textcurrency
(textcomp)               4 = 5 + \texteuro
(textcomp)               3 = 4 + \textohm
(textcomp)               2 = 3 + \textestimated + \textcurrency
(textcomp)               1 = TS1 - \textcircled - \t
(textcomp)               0 = TS1 (full)
(textcomp)             Font families with sub-encoding setting implement
(textcomp)             only a restricted character set as indicated.
(textcomp)             Family '?' is the default used for unknown fonts.
(textcomp)             See the documentation for details.
Package textcomp Info: Setting ? sub-encoding to TS1/1 on input line 71.

(/usr/share/texmf-texlive/tex/latex/base/ts1enc.def
File: ts1enc.def 2001/06/05 v3.0e (jk/car/fm) Standard LaTeX file
Now handling font encoding TS1 ...
... processing UTF-8 mapping file for font encoding TS1

(/usr/share/texmf-texlive/tex/latex/base/ts1enc.dfu
File: ts1enc.dfu 2008/04/05 v1.1m UTF-8 support for inputenc
   defining Unicode char U+00A2 (decimal 162)
   defining Unicode char U+00A3 (decimal 163)
   defining Unicode char U+00A4 (decimal 164)
   defining Unicode char U+00A5 (decimal 165)
   defining Unicode char U+00A6 (decimal 166)
   defining Unicode char U+00A7 (decimal 167)
   defining Unicode char U+00A8 (decimal 168)
   defining Unicode char U+00A9 (decimal 169)
   defining Unicode char U+00AA (decimal 170)
   defining Unicode char U+00AC (decimal 172)
   defining Unicode char U+00AE (decimal 174)
   defining Unicode char U+00AF (decimal 175)
   defining Unicode char U+00B0 (decimal 176)
   defining Unicode char U+00B1 (decimal 177)
   defining Unicode char U+00B2 (decimal 178)
   defining Unicode char U+00B3 (decimal 179)
   defining Unicode char U+00B4 (decimal 180)
   defining Unicode char U+00B5 (decimal 181)
   defining Unicode char U+00B6 (decimal 182)
   defining Unicode char U+00B7 (decimal 183)
   defining Unicode char U+00B9 (decimal 185)
   defining Unicode char U+00BA (decimal 186)
   defining Unicode char U+00BC (decimal 188)
   defining Unicode char U+00BD (decimal 189)
   defining Unicode char U+00BE (decimal 190)
   defining Unicode char U+00D7 (decimal 215)
   defining Unicode char U+00F7 (decimal 247)
   defining Unicode char U+0192 (decimal 402)
   defining Unicode char U+02C7 (decimal 711)
   defining Unicode char U+02D8 (decimal 728)
   defining Unicode char U+02DD (decimal 733)
   defining Unicode char U+0E3F (decimal 3647)
   defining Unicode char U+2016 (decimal 8214)
   defining Unicode char U+2020 (decimal 8224)
   defining Unicode char U+2021 (decimal 8225)
   defining Unicode char U+2022 (decimal 8226)
   defining Unicode char U+2030 (decimal 8240)
   defining Unicode char U+2031 (decimal 8241)
   defining Unicode char U+203B (decimal 8251)
   defining Unicode char U+203D (decimal 8253)
   defining Unicode char U+2044 (decimal 8260)
   defining Unicode char U+204E (decimal 8270)
   defining Unicode char U+2052 (decimal 8274)
   defining Unicode char U+20A1 (decimal 8353)
   defining Unicode char U+20A4 (decimal 8356)
   defining Unicode char U+20A6 (decimal 8358)
   defining Unicode char U+20A9 (decimal 8361)
   defining Unicode char U+20AB (decimal 8363)
   defining Unicode char U+20AC (decimal 8364)
   defining Unicode char U+20B1 (decimal 8369)
   defining Unicode char U+2103 (decimal 8451)
   defining Unicode char U+2116 (decimal 8470)
   defining Unicode char U+2117 (decimal 8471)
   defining Unicode char U+211E (decimal 8478)
   defining Unicode char U+2120 (decimal 8480)
   defining Unicode char U+2122 (decimal 8482)
   defining Unicode char U+2126 (decimal 8486)
   defining Unicode char U+2127 (decimal 8487)
   defining Unicode char U+212E (decimal 8494)
   defining Unicode char U+2190 (decimal 8592)
   defining Unicode char U+2191 (decimal 8593)
   defining Unicode char U+2192 (decimal 8594)
   defining Unicode char U+2193 (decimal 8595)
   defining Unicode char U+2329 (decimal 9001)
   defining Unicode char U+232A (decimal 9002)
   defining Unicode char U+2422 (decimal 9250)
   defining Unicode char U+25E6 (decimal 9702)
   defining Unicode char U+25EF (decimal 9711)
   defining Unicode char U+266A (decimal 9834)
))
LaTeX Info: Redefining \oldstylenums on input line 266.
Package textcomp Info: Setting cmr sub-encoding to TS1/0 on input line 281.
Package textcomp Info: Setting cmss sub-encoding to TS1/0 on input line 282.
Package textcomp Info: Setting cmtt sub-encoding to TS1/0 on input line 283.
Package textcomp Info: Setting cmvtt sub-encoding to TS1/0 on input line 284.
Package textcomp Info: Setting cmbr sub-encoding to TS1/0 on input line 285.
Package textcomp Info: Setting cmtl sub-encoding to TS1/0 on input line 286.
Package textcomp Info: Setting ccr sub-encoding to TS1/0 on input line 287.
Package textcomp Info: Setting ptm sub-encoding to TS1/4 on input line 288.
Package textcomp Info: Setting pcr sub-encoding to TS1/4 on input line 289.
Package textcomp Info: Setting phv sub-encoding to TS1/4 on input line 290.
Package textcomp Info: Setting ppl sub-encoding to TS1/3 on input line 291.
Package textcomp Info: Setting pag sub-encoding to TS1/4 on input line 292.
Package textcomp Info: Setting pbk sub-encoding to TS1/4 on input line 293.
Package textcomp Info: Setting pnc sub-encoding to TS1/4 on input line 294.
Package textcomp Info: Setting pzc sub-encoding to TS1/4 on input line 295.
Package textcomp Info: Setting bch sub-encoding to TS1/4 on input line 296.
Package textcomp Info: Setting put sub-encoding to TS1/5 on input line 297.
Package textcomp Info: Setting uag sub-encoding to TS1/5 on input line 298.
Package textcomp Info: Setting ugq sub-encoding to TS1/5 on input line 299.
Package textcomp Info: Setting ul8 sub-encoding to TS1/4 on input line 300.
Package textcomp Info: Setting ul9 sub-encoding to TS1/4 on input line 301.
Package textcomp Info: Setting augie sub-encoding to TS1/5 on input line 302.
Package textcomp Info: Setting dayrom sub-encoding to TS1/3 on input line 303.
Package textcomp Info: Setting dayroms sub-encoding to TS1/3 on input line 304.

Package textcomp Info: Setting pxr sub-encoding to TS1/0 on input line 305.
Package textcomp Info: Setting pxss sub-encoding to TS1/0 on input line 306.
Package textcomp Info: Setting pxtt sub-encoding to TS1/0 on input line 307.
Package textcomp Info: Setting txr sub-encoding to TS1/0 on input line 308.
Package textcomp Info: Setting txss sub-encoding to TS1/0 on input line 309.
Package textcomp Info: Setting txtt sub-encoding to TS1/0 on input line 310.
Package textcomp Info: Setting futs sub-encoding to TS1/4 on input line 311.
Package textcomp Info: Setting futx sub-encoding to TS1/4 on input line 312.
Package textcomp Info: Setting futj sub-encoding to TS1/4 on input line 313.
Package textcomp Info: Setting hlh sub-encoding to TS1/3 on input line 314.
Package textcomp Info: Setting hls sub-encoding to TS1/3 on input line 315.
Package textcomp Info: Setting hlst sub-encoding to TS1/3 on input line 316.
Package textcomp Info: Setting hlct sub-encoding to TS1/5 on input line 317.
Package textcomp Info: Setting hlx sub-encoding to TS1/5 on input line 318.
Package textcomp Info: Setting hlce sub-encoding to TS1/5 on input line 319.
Package textcomp Info: Setting hlcn sub-encoding to TS1/5 on input line 320.
Package textcomp Info: Setting hlcw sub-encoding to TS1/5 on input line 321.
Package textcomp Info: Setting hlcf sub-encoding to TS1/5 on input line 322.
Package textcomp Info: Setting pplx sub-encoding to TS1/3 on input line 323.
Package textcomp Info: Setting pplj sub-encoding to TS1/3 on input line 324.
Package textcomp Info: Setting ptmx sub-encoding to TS1/4 on input line 325.
Package textcomp Info: Setting ptmj sub-encoding to TS1/4 on input line 326.
)
(/usr/share/texmf-texlive/tex/latex/fancyhdr/fancyhdr.sty
\fancy@headwidth=\skip54
\f@ncyO@elh=\skip55
\f@ncyO@erh=\skip56
\f@ncyO@olh=\skip57
\f@ncyO@orh=\skip58
\f@ncyO@elf=\skip59
\f@ncyO@erf=\skip60
\f@ncyO@olf=\skip61
\f@ncyO@orf=\skip62
)
(/usr/share/texmf-texlive/tex/latex/fancybox/fancybox.sty
Package: fancybox 2000/09/19 1.3

Style option: `fancybox' v1.3 <2000/09/19> (tvz)
\@fancybox=\box30
\shadowsize=\dimen105
\@Sbox=\box31
\do@VerbBox=\toks17
\the@fancyput=\toks18
\this@fancyput=\toks19
\EndVerbatimTokens=\toks20
\Verbatim@Outfile=\write3
\Verbatim@Infile=\read1
) (/usr/share/texmf-texlive/tex/latex/titlesec/titlesec.sty
Package: titlesec 2007/08/12 v2.8 Sectioning titles
\ttl@box=\box32
\beforetitleunit=\skip63
\aftertitleunit=\skip64
\ttl@plus=\dimen106
\ttl@minus=\dimen107
\ttl@toksa=\toks21
\titlewidth=\dimen108
\titlewidthlast=\dimen109
\titlewidthfirst=\dimen110
) (./tabulary.sty
Package: tabulary 2007/10/02 v0.9 tabulary package (DPC)

(/usr/share/texmf-texlive/tex/latex/tools/array.sty
Package: array 2008/09/09 v2.4c Tabular extension package (FMi)
\col@sep=\dimen111
\extrarowheight=\dimen112
\NC@list=\toks22
\extratabsurround=\skip65
\backup@length=\skip66
)
\TY@count=\count96
\TY@linewidth=\dimen113
\tymin=\dimen114
\tymax=\dimen115
\TY@tablewidth=\dimen116
)
(/usr/share/texmf-texlive/tex/latex/amsmath/amsmath.sty
Package: amsmath 2000/07/18 v2.13 AMS math features
\@mathmargin=\skip67

For additional information on amsmath, use the `?' option.
(/usr/share/texmf-texlive/tex/latex/amsmath/amstext.sty
Package: amstext 2000/06/29 v2.01

(/usr/share/texmf-texlive/tex/latex/amsmath/amsgen.sty
File: amsgen.sty 1999/11/30 v2.0
\@emptytoks=\toks23
\ex@=\dimen117
))
(/usr/share/texmf-texlive/tex/latex/amsmath/amsbsy.sty
Package: amsbsy 1999/11/29 v1.2d
\pmbraise@=\dimen118
)
(/usr/share/texmf-texlive/tex/latex/amsmath/amsopn.sty
Package: amsopn 1999/12/14 v2.01 operator names
)
\inf@bad=\count97
LaTeX Info: Redefining \frac on input line 211.
\uproot@=\count98
\leftroot@=\count99
LaTeX Info: Redefining \overline on input line 307.
\classnum@=\count100
\DOTSCASE@=\count101
LaTeX Info: Redefining \ldots on input line 379.
LaTeX Info: Redefining \dots on input line 382.
LaTeX Info: Redefining \cdots on input line 467.
\Mathstrutbox@=\box33
\strutbox@=\box34
\big@size=\dimen119
LaTeX Font Info:    Redeclaring font encoding OML on input line 567.
LaTeX Font Info:    Redeclaring font encoding OMS on input line 568.
\macc@depth=\count102
\c@MaxMatrixCols=\count103
\dotsspace@=\muskip10
\c@parentequation=\count104
\dspbrk@lvl=\count105
\tag@help=\toks24
\row@=\count106
\column@=\count107
\maxfields@=\count108
\andhelp@=\toks25
\eqnshift@=\dimen120
\alignsep@=\dimen121
\tagshift@=\dimen122
\tagwidth@=\dimen123
\totwidth@=\dimen124
\lineht@=\dimen125
\@envbody=\toks26
\multlinegap=\skip68
\multlinetaggap=\skip69
\mathdisplay@stack=\toks27
LaTeX Info: Redefining \[ on input line 2666.
LaTeX Info: Redefining \] on input line 2667.
)
(/usr/share/texmf-texlive/tex/latex/base/makeidx.sty
Package: makeidx 2000/03/29 v1.0m Standard LaTeX package
)
(/usr/share/texmf-texlive/tex/latex/ltxmisc/framed.sty
Package: framed 2007/10/04 v 0.95: framed or shaded text with page breaks
\fb@frw=\dimen126
\fb@frh=\dimen127
\FrameRule=\dimen128
\FrameSep=\dimen129
)
(/usr/share/texmf-texlive/tex/latex/graphics/color.sty
Package: color 2005/11/14 v1.0j Standard LaTeX Color (DPC)

(/etc/texmf/tex/latex/config/color.cfg
File: color.cfg 2007/01/18 v1.5 color configuration of teTeX/TeXLive
)
Package color Info: Driver file: pdftex.def on input line 130.

(/usr/share/texmf-texlive/tex/latex/pdftex-def/pdftex.def
File: pdftex.def 2010/03/12 v0.04p Graphics/color for pdfTeX
\Gread@gobject=\count109
))
(/usr/share/texmf-texlive/tex/latex/fancyvrb/fancyvrb.sty
Package: fancyvrb 2008/02/07

Style option: `fancyvrb' v2.7a, with DG/SPQR fixes, and firstline=lastline fix 
<2008/02/07> (tvz) (/usr/share/texmf-texlive/tex/latex/graphics/keyval.sty
Package: keyval 1999/03/16 v1.13 key=value parser (DPC)
\KV@toks@=\toks28
)
\FV@CodeLineNo=\count110
\FV@InFile=\read2
\FV@TabBox=\box35
\c@FancyVerbLine=\count111
\FV@StepNumber=\count112
\FV@OutFile=\write4
)
(/usr/share/texmf-texlive/tex/latex/ltxmisc/threeparttable.sty
Package: threeparttable 2003/06/13  v 3.0
\@tempboxb=\box36
)
(/usr/share/texmf-texlive/tex/latex/mdwtools/footnote.sty
Package: footnote 1997/01/28 1.13 Save footnotes around boxes
\fn@notes=\box37
\fn@width=\dimen130
)
(/usr/share/texmf-texlive/tex/latex/wrapfig/wrapfig.sty
\wrapoverhang=\dimen131
\WF@size=\dimen132
\c@WF@wrappedlines=\count113
\WF@box=\box38
\WF@everypar=\toks29
Package: wrapfig 2003/01/31  v 3.6
)
(/usr/share/texmf-texlive/tex/latex/ltxmisc/parskip.sty
Package: parskip 2001/04/09 non-zero parskip adjustments
)
(/usr/share/texmf-texlive/tex/latex/graphics/graphicx.sty
Package: graphicx 1999/02/16 v1.0f Enhanced LaTeX Graphics (DPC,SPQR)

(/usr/share/texmf-texlive/tex/latex/graphics/graphics.sty
Package: graphics 2009/02/05 v1.0o Standard LaTeX Graphics (DPC,SPQR)

(/usr/share/texmf-texlive/tex/latex/graphics/trig.sty
Package: trig 1999/03/16 v1.09 sin cos tan (DPC)
)
(/etc/texmf/tex/latex/config/graphics.cfg
File: graphics.cfg 2009/08/28 v1.8 graphics configuration of TeX Live
)
Package graphics Info: Driver file: pdftex.def on input line 91.
)
\Gin@req@height=\dimen133
\Gin@req@width=\dimen134
)
(/usr/share/texmf-texlive/tex/plain/misc/pdfcolor.tex)
\distancetoright=\skip70
\leftsidespace=\skip71
\py@argswidth=\skip72
\py@noticelength=\skip73
\lineblockindentation=\skip74
\image@box=\box39
\image@width=\dimen135

(/usr/share/texmf-texlive/tex/latex/hyperref/hyperref.sty
Package: hyperref 2009/10/09 v6.79a Hypertext links for LaTeX

(/usr/share/texmf-texlive/tex/generic/oberdiek/ifpdf.sty
Package: ifpdf 2009/04/10 v2.0 Provides the ifpdf switch (HO)
Package ifpdf Info: pdfTeX in pdf mode detected.
)
(/usr/share/texmf-texlive/tex/generic/oberdiek/ifvtex.sty
Package: ifvtex 2008/11/04 v1.4 Switches for detecting VTeX and its modes (HO)
Package ifvtex Info: VTeX not detected.
)
(/usr/share/texmf-texlive/tex/generic/ifxetex/ifxetex.sty
Package: ifxetex 2009/01/23 v0.5 Provides ifxetex conditional
)
(/usr/share/texmf-texlive/tex/latex/oberdiek/hycolor.sty
Package: hycolor 2009/10/02 v1.5 Code for color options of hyperref/bookmark (H
O)

(/usr/share/texmf-texlive/tex/latex/oberdiek/xcolor-patch.sty
Package: xcolor-patch 2009/10/02 xcolor patch
))
\@linkdim=\dimen136
\Hy@linkcounter=\count114
\Hy@pagecounter=\count115

(/usr/share/texmf-texlive/tex/latex/hyperref/pd1enc.def
File: pd1enc.def 2009/10/09 v6.79a Hyperref: PDFDocEncoding definition (HO)
Now handling font encoding PD1 ...
... no UTF-8 mapping file for font encoding PD1
)
(/usr/share/texmf-texlive/tex/generic/oberdiek/etexcmds.sty
Package: etexcmds 2007/12/12 v1.2 Prefix for e-TeX command names (HO)

(/usr/share/texmf-texlive/tex/generic/oberdiek/infwarerr.sty
Package: infwarerr 2007/09/09 v1.2 Providing info/warning/message (HO)
)
Package etexcmds Info: Could not find \expanded.
(etexcmds)             That can mean that you are not using pdfTeX 1.50 or
(etexcmds)             that some package has redefined \expanded.
(etexcmds)             In the latter case, load this package earlier.
)
(/usr/share/texmf-texlive/tex/latex/latexconfig/hyperref.cfg
File: hyperref.cfg 2002/06/06 v1.2 hyperref configuration of TeXLive
)
(/usr/share/texmf-texlive/tex/latex/oberdiek/kvoptions.sty
Package: kvoptions 2009/08/13 v3.4 Keyval support for LaTeX options (HO)

(/usr/share/texmf-texlive/tex/generic/oberdiek/kvsetkeys.sty
Package: kvsetkeys 2009/07/30 v1.5 Key value parser with default handler suppor
t (HO)
))
Package hyperref Info: Option `colorlinks' set `true' on input line 2864.
Package hyperref Info: Option `breaklinks' set `true' on input line 2864.
Package hyperref Info: Hyper figures OFF on input line 2975.
Package hyperref Info: Link nesting OFF on input line 2980.
Package hyperref Info: Hyper index ON on input line 2983.
Package hyperref Info: Plain pages OFF on input line 2990.
Package hyperref Info: Backreferencing OFF on input line 2995.

Implicit mode ON; LaTeX internals redefined
Package hyperref Info: Bookmarks ON on input line 3191.
(/usr/share/texmf-texlive/tex/latex/ltxmisc/url.sty
\Urlmuskip=\muskip11
Package: url 2006/04/12  ver 3.3  Verb mode for urls, etc.
)
LaTeX Info: Redefining \url on input line 3428.

(/usr/share/texmf-texlive/tex/generic/oberdiek/bitset.sty
Package: bitset 2007/09/28 v1.0 Data type bit set (HO)

(/usr/share/texmf-texlive/tex/generic/oberdiek/intcalc.sty
Package: intcalc 2007/09/27 v1.1 Expandable integer calculations (HO)
)
(/usr/share/texmf-texlive/tex/generic/oberdiek/bigintcalc.sty
Package: bigintcalc 2007/11/11 v1.1 Expandable big integer calculations (HO)

(/usr/share/texmf-texlive/tex/generic/oberdiek/pdftexcmds.sty
Package: pdftexcmds 2009/09/23 v0.6 LuaTeX support for pdfTeX utility functions
 (HO)

(/usr/share/texmf-texlive/tex/generic/oberdiek/ifluatex.sty
Package: ifluatex 2009/04/17 v1.2 Provides the ifluatex switch (HO)
Package ifluatex Info: LuaTeX not detected.
)
(/usr/share/texmf-texlive/tex/generic/oberdiek/ltxcmds.sty
Package: ltxcmds 2009/08/05 v1.0 Some LaTeX kernel commands for general use (HO
)
)
Package pdftexcmds Info: LuaTeX not detected.
Package pdftexcmds Info: \pdf@primitive is available.
Package pdftexcmds Info: \pdf@ifprimitive is available.
)))
\Fld@menulength=\count116
\Field@Width=\dimen137
\Fld@charsize=\dimen138
\Field@toks=\toks30
Package hyperref Info: Hyper figures OFF on input line 4377.
Package hyperref Info: Link nesting OFF on input line 4382.
Package hyperref Info: Hyper index ON on input line 4385.
Package hyperref Info: backreferencing OFF on input line 4392.
Package hyperref Info: Link coloring ON on input line 4395.
Package hyperref Info: Link coloring with OCG OFF on input line 4402.
Package hyperref Info: PDF/A mode OFF on input line 4407.

(/usr/share/texmf-texlive/tex/generic/oberdiek/atbegshi.sty
Package: atbegshi 2008/07/31 v1.9 At begin shipout hook (HO)
)
\Hy@abspage=\count117
\c@Item=\count118
\c@Hfootnote=\count119
)
*hyperref using default driver hpdftex*
(/usr/share/texmf-texlive/tex/latex/hyperref/hpdftex.def
File: hpdftex.def 2009/10/09 v6.79a Hyperref driver for pdfTeX
\Fld@listcount=\count120
)
(/usr/share/texmf-texlive/tex/latex/oberdiek/hypcap.sty
Package: hypcap 2008/09/08 v1.10 Adjusting anchors of captions (HO)
))
\@indexfile=\write5
\openout5 = `SETLyze.idx'.


Writing index file SETLyze.idx
(./SETLyze.aux)
\openout1 = `SETLyze.aux'.

LaTeX Font Info:    Checking defaults for OML/cmm/m/it on input line 105.
LaTeX Font Info:    ... okay on input line 105.
LaTeX Font Info:    Checking defaults for T1/cmr/m/n on input line 105.
LaTeX Font Info:    ... okay on input line 105.
LaTeX Font Info:    Checking defaults for OT1/cmr/m/n on input line 105.
LaTeX Font Info:    ... okay on input line 105.
LaTeX Font Info:    Checking defaults for OMS/cmsy/m/n on input line 105.
LaTeX Font Info:    ... okay on input line 105.
LaTeX Font Info:    Checking defaults for OMX/cmex/m/n on input line 105.
LaTeX Font Info:    ... okay on input line 105.
LaTeX Font Info:    Checking defaults for U/cmr/m/n on input line 105.
LaTeX Font Info:    ... okay on input line 105.
LaTeX Font Info:    Checking defaults for TS1/cmr/m/n on input line 105.
LaTeX Font Info:    Try loading font information for TS1+cmr on input line 105.

 (/usr/share/texmf-texlive/tex/latex/base/ts1cmr.fd
File: ts1cmr.fd 1999/05/25 v2.5h Standard LaTeX font definitions
)
LaTeX Font Info:    ... okay on input line 105.
LaTeX Font Info:    Checking defaults for PD1/pdf/m/n on input line 105.
LaTeX Font Info:    ... okay on input line 105.
LaTeX Font Info:    Try loading font information for T1+ptm on input line 105.

(/usr/share/texmf-texlive/tex/latex/psnfss/t1ptm.fd
File: t1ptm.fd 2001/06/04 font definitions for T1/ptm.
)
(/usr/share/texmf-texlive/tex/context/base/supp-pdf.mkii
[Loading MPS to PDF converter (version 2006.09.02).]
\scratchcounter=\count121
\scratchdimen=\dimen139
\scratchbox=\box40
\nofMPsegments=\count122
\nofMParguments=\count123
\everyMPshowfont=\toks31
\MPscratchCnt=\count124
\MPscratchDim=\dimen140
\MPnumerator=\count125
\everyMPtoPDFconversion=\toks32
)
Package hyperref Info: Link coloring ON on input line 105.
 (/usr/share/texmf-texlive/tex/latex/hyperref/nameref.sty
Package: nameref 2007/05/29 v2.31 Cross-referencing by name of section

(/usr/share/texmf-texlive/tex/latex/oberdiek/refcount.sty
Package: refcount 2008/08/11 v3.1 Data extraction from references (HO)
)
\c@section@level=\count126
)
LaTeX Info: Redefining \ref on input line 105.
LaTeX Info: Redefining \pageref on input line 105.
 (./SETLyze.out)
(./SETLyze.out)
\@outlinefile=\write6
\openout6 = `SETLyze.out'.

\AtBeginShipoutBox=\box41

Underfull \hbox (badness 10000) in paragraph at lines 108--108

 []

LaTeX Font Info:    Try loading font information for T1+phv on input line 108.
(/usr/share/texmf-texlive/tex/latex/psnfss/t1phv.fd
File: t1phv.fd 2001/06/04 scalable font definitions for T1/phv.
)
LaTeX Font Info:    Font shape `T1/phv/bx/n' in size <24.88> not available
(Font)              Font shape `T1/phv/b/n' tried instead on input line 108.
LaTeX Font Info:    Font shape `T1/phv/m/it' in size <17.28> not available
(Font)              Font shape `T1/phv/m/sl' tried instead on input line 108.
LaTeX Font Info:    Font shape `T1/phv/bx/it' in size <17.28> not available
(Font)              Font shape `T1/phv/b/it' tried instead on input line 108.
LaTeX Font Info:    Font shape `T1/phv/b/it' in size <17.28> not available
(Font)              Font shape `T1/phv/b/sl' tried instead on input line 108.
LaTeX Font Info:    Font shape `T1/phv/bx/n' in size <17.28> not available
(Font)              Font shape `T1/phv/b/n' tried instead on input line 108.
 [1

{/var/lib/texmf/fonts/map/pdftex/updmap/pdftex.map}] [2

] (./SETLyze.toc
LaTeX Font Info:    Font shape `T1/ptm/bx/n' in size <10> not available
(Font)              Font shape `T1/ptm/b/n' tried instead on input line 2.
)
\tf@toc=\write7
\openout7 = `SETLyze.toc'.


Adding blank page after the table of contents.
LaTeX Font Info:    Font shape `T1/phv/bx/n' in size <10> not available
(Font)              Font shape `T1/phv/b/n' tried instead on input line 108.
pdfTeX warning (ext4): destination with the same identifier (name{page.i}) has 
been already used, duplicate ignored
<to be read again> 
                   \relax 
l.108 \tableofcontents
                       [1

]pdfTeX warning (ext4): destination with the same identifier (name{page.ii}) ha
s been already used, duplicate ignored
<to be read again> 
                   \relax 
l.108 \tableofcontents
                       [2]
Chapter 1.
LaTeX Font Info:    Font shape `T1/phv/bx/n' in size <14.4> not available
(Font)              Font shape `T1/phv/b/n' tried instead on input line 113.
LaTeX Font Info:    Font shape `T1/ptm/bx/it' in size <10> not available
(Font)              Font shape `T1/ptm/b/it' tried instead on input line 125.
[1


] [2

]
Chapter 2.
LaTeX Font Info:    Font shape `T1/phv/bx/n' in size <12> not available
(Font)              Font shape `T1/phv/b/n' tried instead on input line 157.
<setl_plate_with_grid.png, id=80, 120.45pt x 121.4136pt>
File: setl_plate_with_grid.png Graphic file (type png)

<use setl_plate_with_grid.png>
File: setl_plate_with_grid.png Graphic file (type png)
 <use setl_plate_with_grid.png> [3]
LaTeX Font Info:    Try loading font information for T1+pcr on input line 270.

(/usr/share/texmf-texlive/tex/latex/psnfss/t1pcr.fd
File: t1pcr.fd 2001/06/04 font definitions for T1/pcr.
) [4 <./setl_plate_with_grid.png (PNG copy)>]
<dialog_select_analysis.jpg, id=110, 503.8825pt x 272.01625pt>
File: dialog_select_analysis.jpg Graphic file (type jpg)

<use dialog_select_analysis.jpg>
File: dialog_select_analysis.jpg Graphic file (type jpg)
 <use dialog_select_analysis.jpg> [5 <./dialog_select_analysis.jpg>]
<dialog_locations_selection.png, id=118, 384.43625pt x 440.64626pt>
File: dialog_locations_selection.png Graphic file (type png)

<use dialog_locations_selection.png>
File: dialog_locations_selection.png Graphic file (type png)
 <use dialog_locations_selection.png>
[6 <./dialog_locations_selection.png>]
<dialog_species_selection.png, id=128, 514.92375pt x 440.64626pt>
File: dialog_species_selection.png Graphic file (type png)

<use dialog_species_selection.png>
File: dialog_species_selection.png Graphic file (type png)
 <use dialog_species_selection.png>
<dialog_change_data_source.png, id=129, 397.485pt x 383.4325pt>
File: dialog_change_data_source.png Graphic file (type png)

<use dialog_change_data_source.png>
File: dialog_change_data_source.png Graphic file (type png)
 <use dialog_change_data_source.png>
LaTeX Font Info:    Try loading font information for TS1+ptm on input line 444.


(/usr/share/texmf-texlive/tex/latex/psnfss/ts1ptm.fd
File: ts1ptm.fd 2001/06/04 font definitions for TS1/ptm.
) [7] [8 <./dialog_species_selection.png>] [9 <./dialog_change_data_source.png>
]
<dialog_define_plate_areas.png, id=153, 417.56pt x 392.46625pt>
File: dialog_define_plate_areas.png Graphic file (type png)

<use dialog_define_plate_areas.png>
File: dialog_define_plate_areas.png Graphic file (type png)
 <use dialog_define_plate_areas.png>
<plate_areas_default.png, id=154, 162.4045pt x 162.4045pt>
File: plate_areas_default.png Graphic file (type png)

<use plate_areas_default.png>
File: plate_areas_default.png Graphic file (type png)
 <use plate_areas_default.png>
<plate_areas_selection_combined1.png, id=155, 266.9975pt x 236.885pt>
File: plate_areas_selection_combined1.png Graphic file (type png)

<use plate_areas_selection_combined1.png>
File: plate_areas_selection_combined1.png Graphic file (type png)

<use plate_areas_selection_combined1.png> [10 <./dialog_define_plate_areas.png>
] <plate_areas_combined1.png, id=163, 162.4045pt x 162.4045pt>
File: plate_areas_combined1.png Graphic file (type png)

<use plate_areas_combined1.png>
File: plate_areas_combined1.png Graphic file (type png)
 <use plate_areas_combined1.png>
<dialog_analysis_report.png, id=164, 615.29875pt x 541.02126pt>
File: dialog_analysis_report.png Graphic file (type png)

<use dialog_analysis_report.png>
File: dialog_analysis_report.png Graphic file (type png)
 <use dialog_analysis_report.png> [11 <./plate_areas_default.png> <./plate_area
s_selection_combined1.png>] [12 <./plate_areas_combined1.png> <./dialog_analysi
s_report.png>]
<setl_plate_intra_distances.png, id=178, 168.85513pt x 168.85513pt>
File: setl_plate_intra_distances.png Graphic file (type png)

<use setl_plate_intra_distances.png>
File: setl_plate_intra_distances.png Graphic file (type png)
 <use setl_plate_intra_distances.png>
<setl_plate_inter_distances.png, id=179, 168.85513pt x 168.85513pt>
File: setl_plate_inter_distances.png Graphic file (type png)

<use setl_plate_inter_distances.png>
File: setl_plate_inter_distances.png Graphic file (type png)
 <use setl_plate_inter_distances.png>
[13 <./setl_plate_intra_distances.png>]
<distance_distribution_intra.png, id=195, 481.8pt x 481.8pt>
File: distance_distribution_intra.png Graphic file (type png)

<use distance_distribution_intra.png>
File: distance_distribution_intra.png Graphic file (type png)
 <use distance_distribution_intra.png>
<distance_distribution_inter.png, id=196, 481.8pt x 481.8pt>
File: distance_distribution_inter.png Graphic file (type png)

<use distance_distribution_inter.png>
File: distance_distribution_inter.png Graphic file (type png)
 <use distance_distribution_inter.png>
[14 <./setl_plate_inter_distances.png>] [15 <./distance_distribution_intra.png 
(PNG copy)>] [16 <./distance_distribution_inter.png (PNG copy)>] [17]
LaTeX Font Info:    Font shape `T1/pcr/m/it' in size <9> not available
(Font)              Font shape `T1/pcr/m/sl' tried instead on input line 834.
 [18]
[19]
Overfull \hbox (74.11453pt too wide) in alignment at lines 1044--1046
 [] [] 
 []


Overfull \hbox (74.11453pt too wide) in alignment at lines 1046--1051
 [] [] 
 []


Overfull \hbox (74.11453pt too wide) in alignment at lines 1051--1054
 [] [] 
 []


Overfull \hbox (74.11453pt too wide) in alignment at lines 1054--1057
 [] [] 
 []


Overfull \hbox (74.11453pt too wide) in alignment at lines 1057--1160
 [] [] 
 []


Overfull \hbox (74.11453pt too wide) in alignment at lines 1160--1260
 [] [] 
 []

[20]
Overfull \hbox (74.11453pt too wide) in alignment at lines 1260--1360
 [] [] 
 []


Overfull \hbox (74.11453pt too wide) in alignment at lines 1360--1460
 [] [] 
 []

[21]
Overfull \hbox (74.11453pt too wide) in alignment at lines 1460--1560
 [] [] 
 []


Overfull \hbox (74.11453pt too wide) in alignment at lines 1560--1561
 [] [] 
 []

[22] [23] [24] [25] [26] [27] [28] [29] [30] [31] [32]
LaTeX Font Info:    Font shape `T1/pcr/bx/n' in size <10> not available
(Font)              Font shape `T1/pcr/b/n' tried instead on input line 2537.
 [33]
LaTeX Font Info:    Font shape `T1/pcr/bx/n' in size <9> not available
(Font)              Font shape `T1/pcr/b/n' tried instead on input line 2562.
 [34] [35]
Underfull \hbox (badness 10000) in paragraph at lines 2827--2830
\T1/ptm/m/n/10 Return a list of species tu-ples in the for-mat \T1/pcr/m/n/10 (
spe_id, 'spe_name_venacular',
 []

[36] [37] [38]
Overfull \hbox (5.13333pt too wide) in paragraph at lines 3229--3236
[]\T1/ptm/m/n/10 The data source con-fig-u-ra-tion is checked by call-ing \T1/p
cr/m/n/10 setlyze.config.cfg.get('data-source')\T1/ptm/m/n/10 .
 []

[39] [40]

Package tabulary Warning: No suitable columns! on input line 3464.


Package tabulary Warning: No suitable columns! on input line 3528.


Overfull \hbox (47.00003pt too wide) in paragraph at lines 3587--3587
| [] 
 []

[41]
Overfull \hbox (47.00003pt too wide) in paragraph at lines 3587--3587
| [] 
 []


Overfull \hbox (47.00003pt too wide) in paragraph at lines 3597--3597
| [] 
 []

[42]
Overfull \hbox (47.00003pt too wide) in paragraph at lines 3823--3823
| [] 
 []


Overfull \hbox (47.00003pt too wide) in paragraph at lines 3830--3830
| [] 
 []


Overfull \hbox (47.00003pt too wide) in paragraph at lines 3843--3843
| [] 
 []


Overfull \hbox (47.00003pt too wide) in paragraph at lines 3853--3853
| [] 
 []

[43]
Underfull \hbox (badness 10000) in paragraph at lines 3989--3989
[]\T1/ptm/m/it/10 title='Species Se-lec-tion'\T1/ptm/m/n/10 , \T1/ptm/m/it/10 d
e-scrip-tion='Select the species:'\T1/ptm/m/n/10 ,
 []

[44] [45]
Overfull \hbox (25.00003pt too wide) in paragraph at lines 4230--4230
| [] 
 []


Overfull \hbox (25.00003pt too wide) in paragraph at lines 4238--4238
| [] 
 []

[46] [47]
Overfull \hbox (47.00003pt too wide) in paragraph at lines 4430--4430
| [] 
 []


Overfull \hbox (47.00003pt too wide) in paragraph at lines 4448--4448
| [] 
 []


Overfull \hbox (47.00003pt too wide) in paragraph at lines 4475--4475
| [] 
 []

[48]
Overfull \hbox (47.00003pt too wide) in paragraph at lines 4545--4545
| [] 
 []


Overfull \hbox (47.00003pt too wide) in paragraph at lines 4575--4575
| [] 
 []

[49]
Overfull \hbox (47.00003pt too wide) in paragraph at lines 4617--4617
| [] 
 []


Overfull \hbox (47.00003pt too wide) in paragraph at lines 4656--4656
| [] 
 []

[50]
Overfull \hbox (47.00003pt too wide) in paragraph at lines 4698--4698
| [] 
 []


Overfull \hbox (47.00003pt too wide) in paragraph at lines 4727--4727
| [] 
 []


Overfull \hbox (47.00003pt too wide) in paragraph at lines 4756--4756
| [] 
 []

[51]
Overfull \hbox (47.00003pt too wide) in paragraph at lines 4756--4756
| [] 
 []


Overfull \hbox (47.00003pt too wide) in paragraph at lines 4799--4799
| [] 
 []


Overfull \hbox (47.00003pt too wide) in paragraph at lines 4850--4850
| [] 
 []

[52]
Overfull \hbox (47.00003pt too wide) in paragraph at lines 4850--4850
| [] 
 []


Overfull \hbox (47.00003pt too wide) in paragraph at lines 4869--4869
| [] 
 []


Overfull \hbox (47.00003pt too wide) in paragraph at lines 4912--4912
| [] 
 []


Overfull \hbox (47.00003pt too wide) in paragraph at lines 4929--4929
| [] 
 []


Overfull \hbox (47.00003pt too wide) in paragraph at lines 4940--4940
| [] 
 []

[53]
Overfull \hbox (47.00003pt too wide) in paragraph at lines 4962--4962
| [] 
 []


Overfull \hbox (47.00003pt too wide) in paragraph at lines 4981--4981
| [] 
 []


Overfull \hbox (47.00003pt too wide) in paragraph at lines 5000--5000
| [] 
 []


Overfull \hbox (25.00003pt too wide) in paragraph at lines 5057--5057
| [] 
 []


Overfull \hbox (25.00003pt too wide) in paragraph at lines 5065--5065
| [] 
 []


Overfull \hbox (25.00003pt too wide) in paragraph at lines 5075--5075
| [] 
 []

[54]
Overfull \hbox (25.00003pt too wide) in paragraph at lines 5084--5084
| [] 
 []


Underfull \hbox (badness 10000) in paragraph at lines 5090--5091

 []


Underfull \hbox (badness 10000) in paragraph at lines 5118--5118
[]\T1/ptm/m/it/10 x\T1/ptm/m/n/10 , \T1/ptm/m/it/10 y=None\T1/ptm/m/n/10 , \T1/
ptm/m/it/10 cor-rect=True\T1/ptm/m/n/10 , \T1/ptm/m/it/10 p=None\T1/ptm/m/n/10 
, \T1/ptm/m/it/10 rescale_p=False\T1/ptm/m/n/10 , \T1/ptm/m/it/10 sim-u-
 []


Overfull \hbox (25.00003pt too wide) in paragraph at lines 5142--5142
| [] 
 []

[55]
Overfull \hbox (25.00003pt too wide) in paragraph at lines 5183--5183
| [] 
 []


Overfull \hbox (25.00003pt too wide) in paragraph at lines 5210--5210
| [] 
 []

[56]
Overfull \hbox (25.00003pt too wide) in paragraph at lines 5304--5304
| [] 
 []


Overfull \hbox (25.00003pt too wide) in paragraph at lines 5324--5324
| [] 
 []


Overfull \hbox (25.00003pt too wide) in paragraph at lines 5412--5412
| [] 
 []

[57]
Overfull \hbox (25.00003pt too wide) in paragraph at lines 5504--5504
| [] 
 []


Overfull \hbox (25.00003pt too wide) in paragraph at lines 5522--5522
| [] 
 []


Overfull \hbox (25.00003pt too wide) in paragraph at lines 5548--5548
| [] 
 []

[58]
Overfull \hbox (25.00003pt too wide) in paragraph at lines 5620--5620
| [] 
 []


Overfull \hbox (25.00003pt too wide) in paragraph at lines 5661--5661
| [] 
 []

[59]
Overfull \hbox (25.00003pt too wide) in paragraph at lines 5727--5727
| [] 
 []

[60] [61] [62] [63] [64] [65] [66] [67] [68] [69] [70

]
Chapter 3.
[71] [72

] [73


] (./SETLyze.ind [74


]
Underfull \hbox (badness 10000) in paragraph at lines 10--11
[]\T1/ptm/m/n/10 add_locations_selections() (set-lyze.gui.DisplayReport
 []


Underfull \hbox (badness 5622) in paragraph at lines 11--12
[]\T1/ptm/m/n/10 add_plate_areas_definition() (set-lyze.gui.DisplayReport
 []


Underfull \hbox (badness 10000) in paragraph at lines 12--13
[]\T1/ptm/m/n/10 add_report_elements() (set-lyze.gui.DisplayReport
 []


Underfull \hbox (badness 10000) in paragraph at lines 14--15
[]\T1/ptm/m/n/10 add_species_selections() (set-lyze.gui.DisplayReport
 []


Underfull \hbox (badness 7362) in paragraph at lines 15--16
[]\T1/ptm/m/n/10 add_statistics_chisq_ratios() (set-lyze.gui.DisplayReport
 []


Underfull \hbox (badness 10000) in paragraph at lines 16--17
[]\T1/ptm/m/n/10 add_statistics_chisq_spots() (set-lyze.gui.DisplayReport
 []


Underfull \hbox (badness 10000) in paragraph at lines 17--18
[]\T1/ptm/m/n/10 add_statistics_normality() (set-lyze.gui.DisplayReport
 []


Underfull \hbox (badness 10000) in paragraph at lines 18--19
[]\T1/ptm/m/n/10 add_statistics_wilcoxon_ratios() (set-
 []


Underfull \hbox (badness 10000) in paragraph at lines 19--20
[]\T1/ptm/m/n/10 add_statistics_wilcoxon_spots() (set-
 []


Underfull \hbox (badness 10000) in paragraph at lines 30--32
[]\T1/ptm/m/n/10 calculate_distances_inter() (set-
 []


Underfull \hbox (badness 10000) in paragraph at lines 30--32
\T1/ptm/m/n/10 lyze.analysis.attraction_inter.Start method),
 []


Underfull \hbox (badness 10000) in paragraph at lines 32--34
[]\T1/ptm/m/n/10 calculate_distances_inter_expected() (set-
 []


Underfull \hbox (badness 10000) in paragraph at lines 32--34
\T1/ptm/m/n/10 lyze.analysis.attraction_inter.Start method),
 []


Underfull \hbox (badness 10000) in paragraph at lines 34--36
[]\T1/ptm/m/n/10 calculate_distances_intra() (set-
 []


Underfull \hbox (badness 10000) in paragraph at lines 34--36
\T1/ptm/m/n/10 lyze.analysis.attraction_intra.Start method),
 []


Underfull \hbox (badness 10000) in paragraph at lines 36--38
[]\T1/ptm/m/n/10 calculate_distances_intra_expected() (set-
 []


Underfull \hbox (badness 10000) in paragraph at lines 36--38
\T1/ptm/m/n/10 lyze.analysis.attraction_intra.Start method),
 []


Underfull \hbox (badness 10000) in paragraph at lines 38--39
[]\T1/ptm/m/n/10 calculate_significance() (set-
 []


Underfull \hbox (badness 10000) in paragraph at lines 38--39
\T1/ptm/m/n/10 lyze.analysis.attraction_inter.Start method),
 []


Underfull \hbox (badness 10000) in paragraph at lines 39--40
[]\T1/ptm/m/n/10 calculate_significance() (set-
 []


Underfull \hbox (badness 10000) in paragraph at lines 39--40
\T1/ptm/m/n/10 lyze.analysis.attraction_intra.Start method),
 []


Underfull \hbox (badness 10000) in paragraph at lines 42--43
[]\T1/ptm/m/n/10 chi_square_tester() (set-
 []


Underfull \hbox (badness 10000) in paragraph at lines 42--43
\T1/ptm/m/n/10 lyze.analysis.spot_preference.Start method),
 []


Underfull \hbox (badness 10000) in paragraph at lines 44--45
[]\T1/ptm/m/n/10 combinations_with_replacement() (in mod-ule set-
 []


Underfull \hbox (badness 10000) in paragraph at lines 49--50
[]\T1/ptm/m/n/10 create_definition_table() (set-lyze.gui.DefinePlateAreas
 []


Underfull \hbox (badness 10000) in paragraph at lines 55--56
[]\T1/ptm/m/n/10 create_layout() (set-lyze.gui.SelectExportElements
 []


Underfull \hbox (badness 10000) in paragraph at lines 59--60
[]\T1/ptm/m/n/10 create_new_db() (set-lyze.database.MakeLocalDB
 []

[75

]
Underfull \hbox (badness 10000) in paragraph at lines 60--61
[]\T1/ptm/m/n/10 create_page_csv() (set-lyze.gui.ChangeDataSource
 []


Underfull \hbox (badness 10000) in paragraph at lines 61--62
[]\T1/ptm/m/n/10 create_page_db() (set-lyze.gui.ChangeDataSource
 []


Underfull \hbox (badness 10000) in paragraph at lines 62--63
[]\T1/ptm/m/n/10 create_table_info() (set-lyze.database.MakeLocalDB
 []


Underfull \hbox (badness 10000) in paragraph at lines 64--65
[]\T1/ptm/m/n/10 create_table_plate_spot_totals() (set-
 []


Underfull \hbox (badness 10000) in paragraph at lines 65--66
[]\T1/ptm/m/n/10 create_table_plates() (set-lyze.database.MakeLocalDB
 []


Underfull \hbox (badness 10000) in paragraph at lines 66--67
[]\T1/ptm/m/n/10 create_table_records() (set-lyze.database.MakeLocalDB
 []


Underfull \hbox (badness 10000) in paragraph at lines 67--68
[]\T1/ptm/m/n/10 create_table_species() (set-lyze.database.MakeLocalDB
 []


Underfull \hbox (badness 10000) in paragraph at lines 68--69
[]\T1/ptm/m/n/10 create_table_species_spots_1() (set-
 []


Underfull \hbox (badness 10000) in paragraph at lines 69--70
[]\T1/ptm/m/n/10 create_table_species_spots_2() (set-
 []


Underfull \hbox (badness 10000) in paragraph at lines 70--71
[]\T1/ptm/m/n/10 create_table_spot_distances() (set-
 []


Underfull \hbox (badness 10000) in paragraph at lines 71--73
[]\T1/ptm/m/n/10 create_table_spot_distances_expected() (set-
 []


Underfull \hbox (badness 10000) in paragraph at lines 73--75
[]\T1/ptm/m/n/10 create_table_spot_distances_observed() (set-
 []


Underfull \hbox (badness 10000) in paragraph at lines 79--81
[]\T1/ptm/m/n/10 destroy_handler_connections() (set-
 []


Underfull \hbox (badness 10000) in paragraph at lines 79--81
\T1/ptm/m/n/10 lyze.analysis.attraction_inter.Begin method),
 []


Underfull \hbox (badness 10000) in paragraph at lines 81--83
[]\T1/ptm/m/n/10 destroy_handler_connections() (set-
 []


Underfull \hbox (badness 10000) in paragraph at lines 81--83
\T1/ptm/m/n/10 lyze.analysis.attraction_intra.Begin method),
 []


Underfull \hbox (badness 10000) in paragraph at lines 83--85
[]\T1/ptm/m/n/10 destroy_handler_connections() (set-
 []


Underfull \hbox (badness 10000) in paragraph at lines 83--85
\T1/ptm/m/n/10 lyze.analysis.spot_preference.Begin method),
 []


Underfull \hbox (badness 10000) in paragraph at lines 85--86
[]\T1/ptm/m/n/10 destroy_handler_connections() (set-
 []


Underfull \hbox (badness 10000) in paragraph at lines 100--101
[]\T1/ptm/m/n/10 fill_distance_table() (set-lyze.database.MakeLocalDB
 []


Underfull \hbox (badness 10000) in paragraph at lines 101--103
[]\T1/ptm/m/n/10 fill_plate_spot_totals_table() (set-
 []


Underfull \hbox (badness 10000) in paragraph at lines 101--103
\T1/ptm/m/n/10 lyze.database.AccessDBGeneric method),
 []


Underfull \hbox (badness 10000) in paragraph at lines 106--107
[]\T1/ptm/m/n/10 generate_report() (set-lyze.analysis.attraction_inter.Start
 []


Underfull \hbox (badness 10000) in paragraph at lines 107--108
[]\T1/ptm/m/n/10 generate_report() (set-lyze.analysis.attraction_intra.Start
 []


Underfull \hbox (badness 10000) in paragraph at lines 109--111
[]\T1/ptm/m/n/10 generate_spot_ratio_groups() (set-
 []


Underfull \hbox (badness 10000) in paragraph at lines 109--111
\T1/ptm/m/n/10 lyze.analysis.attraction_inter.Start method),
 []


Underfull \hbox (badness 10000) in paragraph at lines 113--114
[]\T1/ptm/m/n/10 get_area_totals_expected() (set-lyze.std.ReportReader
 []


Underfull \hbox (badness 10000) in paragraph at lines 114--115
[]\T1/ptm/m/n/10 get_area_totals_observed() (set-lyze.std.ReportReader
 []


Underfull \hbox (badness 10000) in paragraph at lines 115--117
[]\T1/ptm/m/n/10 get_areas_totals_expected() (set-
 []


Underfull \hbox (badness 10000) in paragraph at lines 115--117
\T1/ptm/m/n/10 lyze.analysis.spot_preference.Start method),
 []


Underfull \hbox (badness 10000) in paragraph at lines 117--119
[]\T1/ptm/m/n/10 get_areas_totals_observed() (set-
 []


Underfull \hbox (badness 10000) in paragraph at lines 117--119
\T1/ptm/m/n/10 lyze.analysis.spot_preference.Start method),
 []


Underfull \hbox (badness 10000) in paragraph at lines 121--123
[]\T1/ptm/m/n/10 get_distances_matching_ratios() (set-
 []


Underfull \hbox (badness 10000) in paragraph at lines 121--123
\T1/ptm/m/n/10 lyze.database.AccessDBGeneric method),
 []


Underfull \hbox (badness 10000) in paragraph at lines 123--125
[]\T1/ptm/m/n/10 get_distances_matching_spots_total() (set-
 []


Underfull \hbox (badness 10000) in paragraph at lines 123--125
\T1/ptm/m/n/10 lyze.database.AccessDBGeneric method),
 []


Underfull \hbox (badness 10000) in paragraph at lines 127--128
[]\T1/ptm/m/n/10 get_locations() (set-lyze.database.AccessDBGeneric
 []


Underfull \hbox (badness 10000) in paragraph at lines 128--129
[]\T1/ptm/m/n/10 get_locations_selection() (set-lyze.std.ReportReader
 []


Underfull \hbox (badness 10000) in paragraph at lines 129--130
[]\T1/ptm/m/n/10 get_plate_areas_definition() (set-lyze.std.ReportReader
 []


Underfull \hbox (badness 10000) in paragraph at lines 132--133
[]\T1/ptm/m/n/10 get_record_ids() (set-lyze.database.AccessLocalDB
 []


Underfull \hbox (badness 10000) in paragraph at lines 134--135
[]\T1/ptm/m/n/10 get_selected_elements() (set-
 []


Underfull \hbox (badness 10000) in paragraph at lines 134--135
\T1/ptm/m/n/10 lyze.gui.SelectExportElements method),
 []

[76]
Underfull \hbox (badness 10000) in paragraph at lines 137--138
[]\T1/ptm/m/n/10 get_species_selection() (set-lyze.std.ReportReader
 []


Underfull \hbox (badness 10000) in paragraph at lines 150--152
[]\T1/ptm/m/n/10 handle_application_signals() (set-
 []


Underfull \hbox (badness 10000) in paragraph at lines 150--152
\T1/ptm/m/n/10 lyze.analysis.attraction_inter.Begin method),
 []


Underfull \hbox (badness 10000) in paragraph at lines 152--154
[]\T1/ptm/m/n/10 handle_application_signals() (set-
 []


Underfull \hbox (badness 10000) in paragraph at lines 152--154
\T1/ptm/m/n/10 lyze.analysis.attraction_intra.Begin method),
 []


Underfull \hbox (badness 10000) in paragraph at lines 154--156
[]\T1/ptm/m/n/10 handle_application_signals() (set-
 []


Underfull \hbox (badness 10000) in paragraph at lines 154--156
\T1/ptm/m/n/10 lyze.analysis.spot_preference.Begin method),
 []


Underfull \hbox (badness 10000) in paragraph at lines 159--160
[]\T1/ptm/m/n/10 insert_from_csv() (set-lyze.database.MakeLocalDB
 []


Underfull \hbox (badness 10000) in paragraph at lines 160--161
[]\T1/ptm/m/n/10 insert_from_db() (set-lyze.database.MakeLocalDB
 []


Underfull \hbox (badness 10000) in paragraph at lines 161--162
[]\T1/ptm/m/n/10 insert_localities_from_csv() (set-
 []


Underfull \hbox (badness 10000) in paragraph at lines 162--163
[]\T1/ptm/m/n/10 insert_plates_from_csv() (set-
 []


Underfull \hbox (badness 10000) in paragraph at lines 163--164
[]\T1/ptm/m/n/10 insert_records_from_csv() (set-
 []


Underfull \hbox (badness 10000) in paragraph at lines 164--165
[]\T1/ptm/m/n/10 insert_species_from_csv() (set-
 []


Underfull \hbox (badness 10000) in paragraph at lines 169--170
[]\T1/ptm/m/n/10 make_plates_unique() (set-
 []


Underfull \hbox (badness 10000) in paragraph at lines 169--170
\T1/ptm/m/n/10 lyze.database.AccessDBGeneric method),
 []


Underfull \hbox (badness 10000) in paragraph at lines 182--183
[]\T1/ptm/m/n/10 on_analysis_closed() (set-
 []


Underfull \hbox (badness 10000) in paragraph at lines 182--183
\T1/ptm/m/n/10 lyze.analysis.attraction_inter.Begin method),
 []


Underfull \hbox (badness 10000) in paragraph at lines 183--184
[]\T1/ptm/m/n/10 on_analysis_closed() (set-
 []


Underfull \hbox (badness 10000) in paragraph at lines 183--184
\T1/ptm/m/n/10 lyze.analysis.attraction_intra.Begin method),
 []


Underfull \hbox (badness 10000) in paragraph at lines 191--192
[]\T1/ptm/m/n/10 on_close_dialog() (set-lyze.gui.DefinePlateAreas
 []


Underfull \hbox (badness 10000) in paragraph at lines 192--193
[]\T1/ptm/m/n/10 on_close_dialog() (set-lyze.gui.SelectionWindow
 []


Underfull \hbox (badness 10000) in paragraph at lines 197--198
[]\T1/ptm/m/n/10 on_define_plate_areas() (set-
 []


Underfull \hbox (badness 10000) in paragraph at lines 197--198
\T1/ptm/m/n/10 lyze.analysis.spot_preference.Begin method),
 []


Underfull \hbox (badness 10000) in paragraph at lines 198--199
[]\T1/ptm/m/n/10 on_display_report() (set-
 []


Underfull \hbox (badness 10000) in paragraph at lines 198--199
\T1/ptm/m/n/10 lyze.analysis.attraction_inter.Begin method),
 []


Underfull \hbox (badness 10000) in paragraph at lines 199--200
[]\T1/ptm/m/n/10 on_display_report() (set-
 []


Underfull \hbox (badness 10000) in paragraph at lines 199--200
\T1/ptm/m/n/10 lyze.analysis.attraction_intra.Begin method),
 []


Underfull \hbox (badness 10000) in paragraph at lines 200--201
[]\T1/ptm/m/n/10 on_display_report() (set-
 []


Underfull \hbox (badness 10000) in paragraph at lines 200--201
\T1/ptm/m/n/10 lyze.analysis.spot_preference.Begin method),
 []


Underfull \hbox (badness 10000) in paragraph at lines 204--205
[]\T1/ptm/m/n/10 on_select_data_files() (set-lyze.gui.SelectionWindow
 []


Underfull \hbox (badness 10000) in paragraph at lines 205--206
[]\T1/ptm/m/n/10 on_select_locations() (set-
 []


Underfull \hbox (badness 10000) in paragraph at lines 205--206
\T1/ptm/m/n/10 lyze.analysis.attraction_inter.Begin method),
 []


Underfull \hbox (badness 10000) in paragraph at lines 206--207
[]\T1/ptm/m/n/10 on_select_locations() (set-
 []


Underfull \hbox (badness 10000) in paragraph at lines 206--207
\T1/ptm/m/n/10 lyze.analysis.attraction_intra.Begin method),
 []


Underfull \hbox (badness 10000) in paragraph at lines 207--208
[]\T1/ptm/m/n/10 on_select_locations() (set-
 []


Underfull \hbox (badness 10000) in paragraph at lines 207--208
\T1/ptm/m/n/10 lyze.analysis.spot_preference.Begin method),
 []


Underfull \hbox (badness 10000) in paragraph at lines 208--209
[]\T1/ptm/m/n/10 on_select_species() (set-
 []


Underfull \hbox (badness 10000) in paragraph at lines 208--209
\T1/ptm/m/n/10 lyze.analysis.attraction_inter.Begin method),
 []

[77]
Underfull \hbox (badness 10000) in paragraph at lines 209--210
[]\T1/ptm/m/n/10 on_select_species() (set-
 []


Underfull \hbox (badness 10000) in paragraph at lines 209--210
\T1/ptm/m/n/10 lyze.analysis.attraction_intra.Begin method),
 []


Underfull \hbox (badness 10000) in paragraph at lines 210--211
[]\T1/ptm/m/n/10 on_select_species() (set-
 []


Underfull \hbox (badness 10000) in paragraph at lines 210--211
\T1/ptm/m/n/10 lyze.analysis.spot_preference.Begin method),
 []


Underfull \hbox (badness 10000) in paragraph at lines 211--212
[]\T1/ptm/m/n/10 on_start_analysis() (set-
 []


Underfull \hbox (badness 10000) in paragraph at lines 211--212
\T1/ptm/m/n/10 lyze.analysis.attraction_inter.Begin method),
 []


Underfull \hbox (badness 10000) in paragraph at lines 212--213
[]\T1/ptm/m/n/10 on_start_analysis() (set-
 []


Underfull \hbox (badness 10000) in paragraph at lines 212--213
\T1/ptm/m/n/10 lyze.analysis.spot_preference.Begin method),
 []


Underfull \hbox (badness 10000) in paragraph at lines 214--215
[]\T1/ptm/m/n/10 on_window_closed() (set-
 []


Underfull \hbox (badness 10000) in paragraph at lines 214--215
\T1/ptm/m/n/10 lyze.analysis.spot_preference.Begin method),
 []


Underfull \hbox (badness 10000) in paragraph at lines 223--224
[]\T1/ptm/m/n/10 remove_db_file() (set-lyze.database.MakeLocalDB
 []


Underfull \hbox (badness 10000) in paragraph at lines 225--226
[]\T1/ptm/m/n/10 remove_single_spot_plates() (set-
 []


Underfull \hbox (badness 10000) in paragraph at lines 225--226
\T1/ptm/m/n/10 lyze.database.AccessDBGeneric method),
 []


Underfull \hbox (badness 6173) in paragraph at lines 246--247
[]\T1/ptm/m/n/10 set_area_totals_expected() (set-lyze.std.ReportGenerator
 []


Underfull \hbox (badness 10000) in paragraph at lines 248--249
[]\T1/ptm/m/n/10 set_data_source() (set-lyze.config.ConfigManager
 []


Underfull \hbox (badness 10000) in paragraph at lines 251--252
[]\T1/ptm/m/n/10 set_location_selections() (set-lyze.std.ReportGenerator
 []


Underfull \hbox (badness 10000) in paragraph at lines 255--256
[]\T1/ptm/m/n/10 set_report_reader() (set-lyze.gui.SelectExportElements
 []


Underfull \hbox (badness 10000) in paragraph at lines 256--257
[]\T1/ptm/m/n/10 set_report_reader() (set-lyze.std.ExportLatexReport
 []


Underfull \hbox (badness 10000) in paragraph at lines 257--258
[]\T1/ptm/m/n/10 set_report_reader() (set-lyze.std.ExportTextReport
 []


Underfull \hbox (badness 10000) in paragraph at lines 259--260
[]\T1/ptm/m/n/10 set_specie_selections() (set-lyze.std.ReportGenerator
 []


Underfull \hbox (badness 10000) in paragraph at lines 260--261
[]\T1/ptm/m/n/10 set_species_spots() (set-lyze.database.AccessLocalDB
 []


Underfull \hbox (badness 10000) in paragraph at lines 261--262
[]\T1/ptm/m/n/10 set_spot_distances_expected() (set-
 []


Underfull \hbox (badness 10000) in paragraph at lines 262--263
[]\T1/ptm/m/n/10 set_spot_distances_observed() (set-
 []


Underfull \hbox (badness 10000) in paragraph at lines 277--278
[]\T1/ptm/m/n/10 start_analysis() (set-lyze.analysis.attraction_intra.Begin
 []

[78] [79

]) (./SETLyze.aux) ) 
Here is how much of TeX's memory you used:
 8843 strings out of 495061
 134938 string characters out of 1182620
 222246 words of memory out of 3000000
 11363 multiletter control sequences out of 15000+50000
 60957 words of font info for 70 fonts, out of 3000000 for 9000
 29 hyphenation exceptions out of 8191
 45i,12n,45p,777b,535s stack positions out of 5000i,500n,10000p,200000b,50000s
{/usr/share/texmf-texlive/fonts/enc/dvips/base/8r.enc}</usr
/share/texmf-texlive/fonts/type1/public/amsfonts/cm/cmmi10.pfb></usr/share/texm
f-texlive/fonts/type1/public/amsfonts/cm/cmr10.pfb></usr/share/texmf-texlive/fo
nts/type1/public/amsfonts/cm/cmr7.pfb></usr/share/texmf-texlive/fonts/type1/pub
lic/amsfonts/cm/cmsy10.pfb></usr/share/texmf-texlive/fonts/type1/urw/courier/uc
rb8a.pfb></usr/share/texmf-texlive/fonts/type1/urw/courier/ucrr8a.pfb></usr/sha
re/texmf-texlive/fonts/type1/urw/courier/ucrro8a.pfb></usr/share/texmf-texlive/
fonts/type1/urw/helvetic/uhvb8a.pfb></usr/share/texmf-texlive/fonts/type1/urw/h
elvetic/uhvbo8a.pfb></usr/share/texmf-texlive/fonts/type1/urw/helvetic/uhvr8a.p
fb></usr/share/texmf-texlive/fonts/type1/urw/times/utmb8a.pfb></usr/share/texmf
-texlive/fonts/type1/urw/times/utmbi8a.pfb></usr/share/texmf-texlive/fonts/type
1/urw/times/utmr8a.pfb></usr/share/texmf-texlive/fonts/type1/urw/times/utmri8a.
pfb>
Output written on SETLyze.pdf (83 pages, 1482791 bytes).
PDF statistics:
 1383 PDF objects out of 1440 (max. 8388607)
 448 named destinations out of 1000 (max. 500000)
 143 words of extra memory for PDF output out of 10000 (max. 10000000)

